Determining if the include file io.h exists failed with the following output:
Change Dir: /home/dev/workspace/repositories/opencv-3.2.0/opencv-3.2.0-android-29-arm64-v8a/release/CMakeFiles/CMakeTmp

Run Build Command:"/usr/bin/make" "cmTC_f5bd2/fast"
/usr/bin/make -f CMakeFiles/cmTC_f5bd2.dir/build.make CMakeFiles/cmTC_f5bd2.dir/build
make[1]: Entering directory '/home/dev/workspace/repositories/opencv-3.2.0/opencv-3.2.0-android-29-arm64-v8a/release/CMakeFiles/CMakeTmp'
Building C object CMakeFiles/cmTC_f5bd2.dir/CheckIncludeFile.c.o
/home/dev/workspace/dev-tools/Android/Sdk/ndk/21.1.6352462/toolchains/llvm/prebuilt/linux-x86_64/bin/clang  --target=aarch64-none-linux-android29 --gcc-toolchain=/home/dev/workspace/dev-tools/Android/Sdk/ndk/21.1.6352462/toolchains/llvm/prebuilt/linux-x86_64 --sysroot=/home/dev/workspace/dev-tools/Android/Sdk/ndk/21.1.6352462/toolchains/llvm/prebuilt/linux-x86_64/sysroot   -g -DANDROID -fdata-sections -ffunction-sections -funwind-tables -fstack-protector-strong -no-canonical-prefixes -D_FORTIFY_SOURCE=2 -Wformat -Werror=format-security    -fsigned-char -W -Wall -Werror=return-type -Werror=non-virtual-dtor -Werror=address -Werror=sequence-point -Wformat -Werror=format-security -Wmissing-declarations -Wmissing-prototypes -Wstrict-prototypes -Wundef -Winit-self -Wpointer-arith -Wshadow -Wsign-promo -Wno-narrowing -Wno-delete-non-virtual-dtor -Wno-unnamed-type-template-args -Wno-comment -fdiagnostics-show-option -Qunused-arguments -fomit-frame-pointer -fvisibility=hidden -fvisibility-inlines-hidden  -O2 -DNDEBUG  -fPIE   -o CMakeFiles/cmTC_f5bd2.dir/CheckIncludeFile.c.o   -c /home/dev/workspace/repositories/opencv-3.2.0/opencv-3.2.0-android-29-arm64-v8a/release/CMakeFiles/CMakeTmp/CheckIncludeFile.c
/home/dev/workspace/repositories/opencv-3.2.0/opencv-3.2.0-android-29-arm64-v8a/release/CMakeFiles/CMakeTmp/CheckIncludeFile.c:1:10: fatal error: 'io.h' file not found
#include <io.h>
         ^~~~~~
1 error generated.
CMakeFiles/cmTC_f5bd2.dir/build.make:65: recipe for target 'CMakeFiles/cmTC_f5bd2.dir/CheckIncludeFile.c.o' failed
make[1]: *** [CMakeFiles/cmTC_f5bd2.dir/CheckIncludeFile.c.o] Error 1
make[1]: Leaving directory '/home/dev/workspace/repositories/opencv-3.2.0/opencv-3.2.0-android-29-arm64-v8a/release/CMakeFiles/CMakeTmp'
Makefile:126: recipe for target 'cmTC_f5bd2/fast' failed
make: *** [cmTC_f5bd2/fast] Error 2


Determining if the function jbg_newlen exists failed with the following output:
Change Dir: /home/dev/workspace/repositories/opencv-3.2.0/opencv-3.2.0-android-29-arm64-v8a/release/CMakeFiles/CMakeTmp

Run Build Command:"/usr/bin/make" "cmTC_4c24b/fast"
/usr/bin/make -f CMakeFiles/cmTC_4c24b.dir/build.make CMakeFiles/cmTC_4c24b.dir/build
make[1]: Entering directory '/home/dev/workspace/repositories/opencv-3.2.0/opencv-3.2.0-android-29-arm64-v8a/release/CMakeFiles/CMakeTmp'
Building C object CMakeFiles/cmTC_4c24b.dir/CheckFunctionExists.c.o
/home/dev/workspace/dev-tools/Android/Sdk/ndk/21.1.6352462/toolchains/llvm/prebuilt/linux-x86_64/bin/clang  --target=aarch64-none-linux-android29 --gcc-toolchain=/home/dev/workspace/dev-tools/Android/Sdk/ndk/21.1.6352462/toolchains/llvm/prebuilt/linux-x86_64 --sysroot=/home/dev/workspace/dev-tools/Android/Sdk/ndk/21.1.6352462/toolchains/llvm/prebuilt/linux-x86_64/sysroot   -g -DANDROID -fdata-sections -ffunction-sections -funwind-tables -fstack-protector-strong -no-canonical-prefixes -D_FORTIFY_SOURCE=2 -Wformat -Werror=format-security    -fsigned-char -W -Wall -Werror=return-type -Werror=non-virtual-dtor -Werror=address -Werror=sequence-point -Wformat -Werror=format-security -Wmissing-declarations -Wmissing-prototypes -Wstrict-prototypes -Wundef -Winit-self -Wpointer-arith -Wshadow -Wsign-promo -Wno-narrowing -Wno-delete-non-virtual-dtor -Wno-unnamed-type-template-args -Wno-comment -fdiagnostics-show-option -Qunused-arguments -fomit-frame-pointer -fvisibility=hidden -fvisibility-inlines-hidden -DCHECK_FUNCTION_EXISTS=jbg_newlen -O2 -DNDEBUG  -fPIE   -o CMakeFiles/cmTC_4c24b.dir/CheckFunctionExists.c.o   -c /usr/local/share/cmake-3.6/Modules/CheckFunctionExists.c
/usr/local/share/cmake-3.6/Modules/CheckFunctionExists.c:7:24: warning: this function declaration is not a prototype [-Wstrict-prototypes]
  CHECK_FUNCTION_EXISTS();
                       ^
                        void
1 warning generated.
Linking C executable cmTC_4c24b
/usr/local/bin/cmake -E cmake_link_script CMakeFiles/cmTC_4c24b.dir/link.txt --verbose=1
/home/dev/workspace/dev-tools/Android/Sdk/ndk/21.1.6352462/toolchains/llvm/prebuilt/linux-x86_64/bin/clang  --target=aarch64-none-linux-android29 --gcc-toolchain=/home/dev/workspace/dev-tools/Android/Sdk/ndk/21.1.6352462/toolchains/llvm/prebuilt/linux-x86_64 --sysroot=/home/dev/workspace/dev-tools/Android/Sdk/ndk/21.1.6352462/toolchains/llvm/prebuilt/linux-x86_64/sysroot -g -DANDROID -fdata-sections -ffunction-sections -funwind-tables -fstack-protector-strong -no-canonical-prefixes -D_FORTIFY_SOURCE=2 -Wformat -Werror=format-security    -fsigned-char -W -Wall -Werror=return-type -Werror=non-virtual-dtor -Werror=address -Werror=sequence-point -Wformat -Werror=format-security -Wmissing-declarations -Wmissing-prototypes -Wstrict-prototypes -Wundef -Winit-self -Wpointer-arith -Wshadow -Wsign-promo -Wno-narrowing -Wno-delete-non-virtual-dtor -Wno-unnamed-type-template-args -Wno-comment -fdiagnostics-show-option -Qunused-arguments -fomit-frame-pointer -fvisibility=hidden -fvisibility-inlines-hidden -DCHECK_FUNCTION_EXISTS=jbg_newlen -O2 -DNDEBUG   -Wl,--exclude-libs,libgcc.a -Wl,--exclude-libs,libgcc_real.a -Wl,--exclude-libs,libatomic.a -static-libstdc++ -Wl,--build-id -Wl,--fatal-warnings -Wl,--no-undefined -Qunused-arguments -Wl,--gc-sections   CMakeFiles/cmTC_4c24b.dir/CheckFunctionExists.c.o  -o cmTC_4c24b  -latomic -lm 
CMakeFiles/cmTC_4c24b.dir/CheckFunctionExists.c.o: In function `main':
/usr/local/share/cmake-3.6/Modules/CheckFunctionExists.c:17: undefined reference to `jbg_newlen'
clang: error: linker command failed with exit code 1 (use -v to see invocation)
CMakeFiles/cmTC_4c24b.dir/build.make:97: recipe for target 'cmTC_4c24b' failed
make[1]: *** [cmTC_4c24b] Error 1
make[1]: Leaving directory '/home/dev/workspace/repositories/opencv-3.2.0/opencv-3.2.0-android-29-arm64-v8a/release/CMakeFiles/CMakeTmp'
Makefile:126: recipe for target 'cmTC_4c24b/fast' failed
make: *** [cmTC_4c24b/fast] Error 2


Build output check failed:
    Regex: 'unknown .*option'
    Output line: 'warning: unknown warning option '-Wno-unused-but-set-variable', did you mean '-Wno-unused-const-variable'? [-Wunknown-warning-option]'
Compilation failed:
    source file: '/home/dev/workspace/repositories/opencv-3.2.0/opencv-3.2.0-android-29-arm64-v8a/release/CMakeFiles/CMakeTmp/src.c'
    check option: ' -Wno-unused-but-set-variable'
===== BUILD LOG =====
Change Dir: /home/dev/workspace/repositories/opencv-3.2.0/opencv-3.2.0-android-29-arm64-v8a/release/CMakeFiles/CMakeTmp

Run Build Command:"/usr/bin/make" "cmTC_b0380/fast"
/usr/bin/make -f CMakeFiles/cmTC_b0380.dir/build.make CMakeFiles/cmTC_b0380.dir/build
make[1]: Entering directory '/home/dev/workspace/repositories/opencv-3.2.0/opencv-3.2.0-android-29-arm64-v8a/release/CMakeFiles/CMakeTmp'
Building C object CMakeFiles/cmTC_b0380.dir/src.c.o
/home/dev/workspace/dev-tools/Android/Sdk/ndk/21.1.6352462/toolchains/llvm/prebuilt/linux-x86_64/bin/clang  --target=aarch64-none-linux-android29 --gcc-toolchain=/home/dev/workspace/dev-tools/Android/Sdk/ndk/21.1.6352462/toolchains/llvm/prebuilt/linux-x86_64 --sysroot=/home/dev/workspace/dev-tools/Android/Sdk/ndk/21.1.6352462/toolchains/llvm/prebuilt/linux-x86_64/sysroot   -g -DANDROID -fdata-sections -ffunction-sections -funwind-tables -fstack-protector-strong -no-canonical-prefixes -D_FORTIFY_SOURCE=2 -Wformat -Werror=format-security    -fsigned-char -W -Wall -Werror=return-type -Werror=non-virtual-dtor -Werror=address -Werror=sequence-point -Wformat -Werror=format-security -Wmissing-declarations -Wmissing-prototypes -Wstrict-prototypes -Wundef -Winit-self -Wpointer-arith -Wshadow -Wsign-promo -Wno-narrowing -Wno-delete-non-virtual-dtor -Wno-unnamed-type-template-args -Wno-comment -fdiagnostics-show-option -Qunused-arguments -fomit-frame-pointer -fvisibility=hidden -fvisibility-inlines-hidden  -O2 -DNDEBUG  -fPIE   -Wno-unused-but-set-variable -o CMakeFiles/cmTC_b0380.dir/src.c.o   -c /home/dev/workspace/repositories/opencv-3.2.0/opencv-3.2.0-android-29-arm64-v8a/release/CMakeFiles/CMakeTmp/src.c
warning: unknown warning option '-Wno-unused-but-set-variable'; did you mean '-Wno-unused-const-variable'? [-Wunknown-warning-option]
/home/dev/workspace/repositories/opencv-3.2.0/opencv-3.2.0-android-29-arm64-v8a/release/CMakeFiles/CMakeTmp/src.c:1:8: warning: unknown pragma ignored [-Wunknown-pragmas]
#pragma
       ^
2 warnings generated.
Linking C executable cmTC_b0380
/usr/local/bin/cmake -E cmake_link_script CMakeFiles/cmTC_b0380.dir/link.txt --verbose=1
/home/dev/workspace/dev-tools/Android/Sdk/ndk/21.1.6352462/toolchains/llvm/prebuilt/linux-x86_64/bin/clang  --target=aarch64-none-linux-android29 --gcc-toolchain=/home/dev/workspace/dev-tools/Android/Sdk/ndk/21.1.6352462/toolchains/llvm/prebuilt/linux-x86_64 --sysroot=/home/dev/workspace/dev-tools/Android/Sdk/ndk/21.1.6352462/toolchains/llvm/prebuilt/linux-x86_64/sysroot -g -DANDROID -fdata-sections -ffunction-sections -funwind-tables -fstack-protector-strong -no-canonical-prefixes -D_FORTIFY_SOURCE=2 -Wformat -Werror=format-security    -fsigned-char -W -Wall -Werror=return-type -Werror=non-virtual-dtor -Werror=address -Werror=sequence-point -Wformat -Werror=format-security -Wmissing-declarations -Wmissing-prototypes -Wstrict-prototypes -Wundef -Winit-self -Wpointer-arith -Wshadow -Wsign-promo -Wno-narrowing -Wno-delete-non-virtual-dtor -Wno-unnamed-type-template-args -Wno-comment -fdiagnostics-show-option -Qunused-arguments -fomit-frame-pointer -fvisibility=hidden -fvisibility-inlines-hidden  -O2 -DNDEBUG   -Wl,--exclude-libs,libgcc.a -Wl,--exclude-libs,libgcc_real.a -Wl,--exclude-libs,libatomic.a -static-libstdc++ -Wl,--build-id -Wl,--fatal-warnings -Wl,--no-undefined -Qunused-arguments -Wl,--gc-sections   CMakeFiles/cmTC_b0380.dir/src.c.o  -o cmTC_b0380  -latomic -lm 
make[1]: Leaving directory '/home/dev/workspace/repositories/opencv-3.2.0/opencv-3.2.0-android-29-arm64-v8a/release/CMakeFiles/CMakeTmp'

===== END =====

Build output check failed:
    Regex: 'unknown .*option'
    Output line: 'warning: unknown warning option '-Wno-maybe-uninitialized', did you mean '-Wno-uninitialized'? [-Wunknown-warning-option]'
Compilation failed:
    source file: '/home/dev/workspace/repositories/opencv-3.2.0/opencv-3.2.0-android-29-arm64-v8a/release/CMakeFiles/CMakeTmp/src.c'
    check option: ' -Wno-maybe-uninitialized'
===== BUILD LOG =====
Change Dir: /home/dev/workspace/repositories/opencv-3.2.0/opencv-3.2.0-android-29-arm64-v8a/release/CMakeFiles/CMakeTmp

Run Build Command:"/usr/bin/make" "cmTC_0d57f/fast"
/usr/bin/make -f CMakeFiles/cmTC_0d57f.dir/build.make CMakeFiles/cmTC_0d57f.dir/build
make[1]: Entering directory '/home/dev/workspace/repositories/opencv-3.2.0/opencv-3.2.0-android-29-arm64-v8a/release/CMakeFiles/CMakeTmp'
Building C object CMakeFiles/cmTC_0d57f.dir/src.c.o
/home/dev/workspace/dev-tools/Android/Sdk/ndk/21.1.6352462/toolchains/llvm/prebuilt/linux-x86_64/bin/clang  --target=aarch64-none-linux-android29 --gcc-toolchain=/home/dev/workspace/dev-tools/Android/Sdk/ndk/21.1.6352462/toolchains/llvm/prebuilt/linux-x86_64 --sysroot=/home/dev/workspace/dev-tools/Android/Sdk/ndk/21.1.6352462/toolchains/llvm/prebuilt/linux-x86_64/sysroot   -g -DANDROID -fdata-sections -ffunction-sections -funwind-tables -fstack-protector-strong -no-canonical-prefixes -D_FORTIFY_SOURCE=2 -Wformat -Werror=format-security    -fsigned-char -W -Wall -Werror=return-type -Werror=non-virtual-dtor -Werror=address -Werror=sequence-point -Wformat -Werror=format-security   -Wstrict-prototypes  -Winit-self -Wpointer-arith  -Wsign-promo -Wno-narrowing -Wno-delete-non-virtual-dtor -Wno-unnamed-type-template-args -Wno-comment -fdiagnostics-show-option -Qunused-arguments -fomit-frame-pointer -fvisibility=hidden -fvisibility-inlines-hidden -Wno-missing-prototypes -Wno-missing-declarations -Wno-undef -Wno-unused -Wno-sign-compare -Wno-cast-align -Wno-shadow  -O2 -DNDEBUG  -fPIE   -Wno-maybe-uninitialized -o CMakeFiles/cmTC_0d57f.dir/src.c.o   -c /home/dev/workspace/repositories/opencv-3.2.0/opencv-3.2.0-android-29-arm64-v8a/release/CMakeFiles/CMakeTmp/src.c
warning: unknown warning option '-Wno-maybe-uninitialized'; did you mean '-Wno-uninitialized'? [-Wunknown-warning-option]
/home/dev/workspace/repositories/opencv-3.2.0/opencv-3.2.0-android-29-arm64-v8a/release/CMakeFiles/CMakeTmp/src.c:1:8: warning: unknown pragma ignored [-Wunknown-pragmas]
#pragma
       ^
2 warnings generated.
Linking C executable cmTC_0d57f
/usr/local/bin/cmake -E cmake_link_script CMakeFiles/cmTC_0d57f.dir/link.txt --verbose=1
/home/dev/workspace/dev-tools/Android/Sdk/ndk/21.1.6352462/toolchains/llvm/prebuilt/linux-x86_64/bin/clang  --target=aarch64-none-linux-android29 --gcc-toolchain=/home/dev/workspace/dev-tools/Android/Sdk/ndk/21.1.6352462/toolchains/llvm/prebuilt/linux-x86_64 --sysroot=/home/dev/workspace/dev-tools/Android/Sdk/ndk/21.1.6352462/toolchains/llvm/prebuilt/linux-x86_64/sysroot -g -DANDROID -fdata-sections -ffunction-sections -funwind-tables -fstack-protector-strong -no-canonical-prefixes -D_FORTIFY_SOURCE=2 -Wformat -Werror=format-security    -fsigned-char -W -Wall -Werror=return-type -Werror=non-virtual-dtor -Werror=address -Werror=sequence-point -Wformat -Werror=format-security   -Wstrict-prototypes  -Winit-self -Wpointer-arith  -Wsign-promo -Wno-narrowing -Wno-delete-non-virtual-dtor -Wno-unnamed-type-template-args -Wno-comment -fdiagnostics-show-option -Qunused-arguments -fomit-frame-pointer -fvisibility=hidden -fvisibility-inlines-hidden -Wno-missing-prototypes -Wno-missing-declarations -Wno-undef -Wno-unused -Wno-sign-compare -Wno-cast-align -Wno-shadow  -O2 -DNDEBUG   -Wl,--exclude-libs,libgcc.a -Wl,--exclude-libs,libgcc_real.a -Wl,--exclude-libs,libatomic.a -static-libstdc++ -Wl,--build-id -Wl,--fatal-warnings -Wl,--no-undefined -Qunused-arguments -Wl,--gc-sections   CMakeFiles/cmTC_0d57f.dir/src.c.o  -o cmTC_0d57f  -latomic -lm 
make[1]: Leaving directory '/home/dev/workspace/repositories/opencv-3.2.0/opencv-3.2.0-android-29-arm64-v8a/release/CMakeFiles/CMakeTmp'

===== END =====

Build output check failed:
    Regex: 'unknown .*option'
    Output line: 'warning: unknown warning option '-Wno-misleading-indentation', did you mean '-Wno-binding-in-condition'? [-Wunknown-warning-option]'
Compilation failed:
    source file: '/home/dev/workspace/repositories/opencv-3.2.0/opencv-3.2.0-android-29-arm64-v8a/release/CMakeFiles/CMakeTmp/src.c'
    check option: ' -Wno-misleading-indentation'
===== BUILD LOG =====
Change Dir: /home/dev/workspace/repositories/opencv-3.2.0/opencv-3.2.0-android-29-arm64-v8a/release/CMakeFiles/CMakeTmp

Run Build Command:"/usr/bin/make" "cmTC_9654a/fast"
/usr/bin/make -f CMakeFiles/cmTC_9654a.dir/build.make CMakeFiles/cmTC_9654a.dir/build
make[1]: Entering directory '/home/dev/workspace/repositories/opencv-3.2.0/opencv-3.2.0-android-29-arm64-v8a/release/CMakeFiles/CMakeTmp'
Building C object CMakeFiles/cmTC_9654a.dir/src.c.o
/home/dev/workspace/dev-tools/Android/Sdk/ndk/21.1.6352462/toolchains/llvm/prebuilt/linux-x86_64/bin/clang  --target=aarch64-none-linux-android29 --gcc-toolchain=/home/dev/workspace/dev-tools/Android/Sdk/ndk/21.1.6352462/toolchains/llvm/prebuilt/linux-x86_64 --sysroot=/home/dev/workspace/dev-tools/Android/Sdk/ndk/21.1.6352462/toolchains/llvm/prebuilt/linux-x86_64/sysroot   -g -DANDROID -fdata-sections -ffunction-sections -funwind-tables -fstack-protector-strong -no-canonical-prefixes -D_FORTIFY_SOURCE=2 -Wformat -Werror=format-security    -fsigned-char -W -Wall -Werror=return-type -Werror=non-virtual-dtor -Werror=address -Werror=sequence-point -Wformat -Werror=format-security   -Wstrict-prototypes  -Winit-self -Wpointer-arith  -Wsign-promo -Wno-narrowing -Wno-delete-non-virtual-dtor -Wno-unnamed-type-template-args -Wno-comment -fdiagnostics-show-option -Qunused-arguments -fomit-frame-pointer -fvisibility=hidden -fvisibility-inlines-hidden -Wno-missing-prototypes -Wno-missing-declarations -Wno-undef -Wno-unused -Wno-sign-compare -Wno-cast-align -Wno-shadow -Wno-pointer-to-int-cast -Wno-int-to-pointer-cast  -O2 -DNDEBUG  -fPIE   -Wno-misleading-indentation -o CMakeFiles/cmTC_9654a.dir/src.c.o   -c /home/dev/workspace/repositories/opencv-3.2.0/opencv-3.2.0-android-29-arm64-v8a/release/CMakeFiles/CMakeTmp/src.c
warning: unknown warning option '-Wno-misleading-indentation'; did you mean '-Wno-binding-in-condition'? [-Wunknown-warning-option]
/home/dev/workspace/repositories/opencv-3.2.0/opencv-3.2.0-android-29-arm64-v8a/release/CMakeFiles/CMakeTmp/src.c:1:8: warning: unknown pragma ignored [-Wunknown-pragmas]
#pragma
       ^
2 warnings generated.
Linking C executable cmTC_9654a
/usr/local/bin/cmake -E cmake_link_script CMakeFiles/cmTC_9654a.dir/link.txt --verbose=1
/home/dev/workspace/dev-tools/Android/Sdk/ndk/21.1.6352462/toolchains/llvm/prebuilt/linux-x86_64/bin/clang  --target=aarch64-none-linux-android29 --gcc-toolchain=/home/dev/workspace/dev-tools/Android/Sdk/ndk/21.1.6352462/toolchains/llvm/prebuilt/linux-x86_64 --sysroot=/home/dev/workspace/dev-tools/Android/Sdk/ndk/21.1.6352462/toolchains/llvm/prebuilt/linux-x86_64/sysroot -g -DANDROID -fdata-sections -ffunction-sections -funwind-tables -fstack-protector-strong -no-canonical-prefixes -D_FORTIFY_SOURCE=2 -Wformat -Werror=format-security    -fsigned-char -W -Wall -Werror=return-type -Werror=non-virtual-dtor -Werror=address -Werror=sequence-point -Wformat -Werror=format-security   -Wstrict-prototypes  -Winit-self -Wpointer-arith  -Wsign-promo -Wno-narrowing -Wno-delete-non-virtual-dtor -Wno-unnamed-type-template-args -Wno-comment -fdiagnostics-show-option -Qunused-arguments -fomit-frame-pointer -fvisibility=hidden -fvisibility-inlines-hidden -Wno-missing-prototypes -Wno-missing-declarations -Wno-undef -Wno-unused -Wno-sign-compare -Wno-cast-align -Wno-shadow -Wno-pointer-to-int-cast -Wno-int-to-pointer-cast  -O2 -DNDEBUG   -Wl,--exclude-libs,libgcc.a -Wl,--exclude-libs,libgcc_real.a -Wl,--exclude-libs,libatomic.a -static-libstdc++ -Wl,--build-id -Wl,--fatal-warnings -Wl,--no-undefined -Qunused-arguments -Wl,--gc-sections   CMakeFiles/cmTC_9654a.dir/src.c.o  -o cmTC_9654a  -latomic -lm 
make[1]: Leaving directory '/home/dev/workspace/repositories/opencv-3.2.0/opencv-3.2.0-android-29-arm64-v8a/release/CMakeFiles/CMakeTmp'

===== END =====

Build output check failed:
    Regex: 'unknown .*option'
    Output line: 'warning: unknown warning option '-Wno-unused-but-set-parameter', did you mean '-Wno-unused-parameter'? [-Wunknown-warning-option]'
Compilation failed:
    source file: '/home/dev/workspace/repositories/opencv-3.2.0/opencv-3.2.0-android-29-arm64-v8a/release/CMakeFiles/CMakeTmp/src.c'
    check option: ' -Wno-unused-but-set-parameter'
===== BUILD LOG =====
Change Dir: /home/dev/workspace/repositories/opencv-3.2.0/opencv-3.2.0-android-29-arm64-v8a/release/CMakeFiles/CMakeTmp

Run Build Command:"/usr/bin/make" "cmTC_dba44/fast"
/usr/bin/make -f CMakeFiles/cmTC_dba44.dir/build.make CMakeFiles/cmTC_dba44.dir/build
make[1]: Entering directory '/home/dev/workspace/repositories/opencv-3.2.0/opencv-3.2.0-android-29-arm64-v8a/release/CMakeFiles/CMakeTmp'
Building C object CMakeFiles/cmTC_dba44.dir/src.c.o
/home/dev/workspace/dev-tools/Android/Sdk/ndk/21.1.6352462/toolchains/llvm/prebuilt/linux-x86_64/bin/clang  --target=aarch64-none-linux-android29 --gcc-toolchain=/home/dev/workspace/dev-tools/Android/Sdk/ndk/21.1.6352462/toolchains/llvm/prebuilt/linux-x86_64 --sysroot=/home/dev/workspace/dev-tools/Android/Sdk/ndk/21.1.6352462/toolchains/llvm/prebuilt/linux-x86_64/sysroot   -g -DANDROID -fdata-sections -ffunction-sections -funwind-tables -fstack-protector-strong -no-canonical-prefixes -D_FORTIFY_SOURCE=2 -Wformat -Werror=format-security    -fsigned-char -W -Wall -Werror=return-type -Werror=non-virtual-dtor -Werror=address -Werror=sequence-point -Wformat -Werror=format-security -Wmissing-declarations  -Wstrict-prototypes -Wundef -Winit-self -Wpointer-arith -Wshadow -Wsign-promo -Wno-narrowing -Wno-delete-non-virtual-dtor -Wno-unnamed-type-template-args -Wno-comment -fdiagnostics-show-option -Qunused-arguments -fomit-frame-pointer -fvisibility=hidden -fvisibility-inlines-hidden -Wno-implicit-function-declaration -Wno-uninitialized -Wno-missing-prototypes  -O2 -DNDEBUG  -fPIE   -Wno-unused-but-set-parameter -o CMakeFiles/cmTC_dba44.dir/src.c.o   -c /home/dev/workspace/repositories/opencv-3.2.0/opencv-3.2.0-android-29-arm64-v8a/release/CMakeFiles/CMakeTmp/src.c
warning: unknown warning option '-Wno-unused-but-set-parameter'; did you mean '-Wno-unused-parameter'? [-Wunknown-warning-option]
/home/dev/workspace/repositories/opencv-3.2.0/opencv-3.2.0-android-29-arm64-v8a/release/CMakeFiles/CMakeTmp/src.c:1:8: warning: unknown pragma ignored [-Wunknown-pragmas]
#pragma
       ^
2 warnings generated.
Linking C executable cmTC_dba44
/usr/local/bin/cmake -E cmake_link_script CMakeFiles/cmTC_dba44.dir/link.txt --verbose=1
/home/dev/workspace/dev-tools/Android/Sdk/ndk/21.1.6352462/toolchains/llvm/prebuilt/linux-x86_64/bin/clang  --target=aarch64-none-linux-android29 --gcc-toolchain=/home/dev/workspace/dev-tools/Android/Sdk/ndk/21.1.6352462/toolchains/llvm/prebuilt/linux-x86_64 --sysroot=/home/dev/workspace/dev-tools/Android/Sdk/ndk/21.1.6352462/toolchains/llvm/prebuilt/linux-x86_64/sysroot -g -DANDROID -fdata-sections -ffunction-sections -funwind-tables -fstack-protector-strong -no-canonical-prefixes -D_FORTIFY_SOURCE=2 -Wformat -Werror=format-security    -fsigned-char -W -Wall -Werror=return-type -Werror=non-virtual-dtor -Werror=address -Werror=sequence-point -Wformat -Werror=format-security -Wmissing-declarations  -Wstrict-prototypes -Wundef -Winit-self -Wpointer-arith -Wshadow -Wsign-promo -Wno-narrowing -Wno-delete-non-virtual-dtor -Wno-unnamed-type-template-args -Wno-comment -fdiagnostics-show-option -Qunused-arguments -fomit-frame-pointer -fvisibility=hidden -fvisibility-inlines-hidden -Wno-implicit-function-declaration -Wno-uninitialized -Wno-missing-prototypes  -O2 -DNDEBUG   -Wl,--exclude-libs,libgcc.a -Wl,--exclude-libs,libgcc_real.a -Wl,--exclude-libs,libatomic.a -static-libstdc++ -Wl,--build-id -Wl,--fatal-warnings -Wl,--no-undefined -Qunused-arguments -Wl,--gc-sections   CMakeFiles/cmTC_dba44.dir/src.c.o  -o cmTC_dba44  -latomic -lm 
make[1]: Leaving directory '/home/dev/workspace/repositories/opencv-3.2.0/opencv-3.2.0-android-29-arm64-v8a/release/CMakeFiles/CMakeTmp'

===== END =====

Build output check failed:
    Regex: 'unknown .*option'
    Output line: 'warning: unknown warning option '-Wno-misleading-indentation', did you mean '-Wno-binding-in-condition'? [-Wunknown-warning-option]'
Compilation failed:
    source file: '/home/dev/workspace/repositories/opencv-3.2.0/opencv-3.2.0-android-29-arm64-v8a/release/CMakeFiles/CMakeTmp/src.cxx'
    check option: ' -Wno-misleading-indentation'
===== BUILD LOG =====
Change Dir: /home/dev/workspace/repositories/opencv-3.2.0/opencv-3.2.0-android-29-arm64-v8a/release/CMakeFiles/CMakeTmp

Run Build Command:"/usr/bin/make" "cmTC_74208/fast"
/usr/bin/make -f CMakeFiles/cmTC_74208.dir/build.make CMakeFiles/cmTC_74208.dir/build
make[1]: Entering directory '/home/dev/workspace/repositories/opencv-3.2.0/opencv-3.2.0-android-29-arm64-v8a/release/CMakeFiles/CMakeTmp'
Building CXX object CMakeFiles/cmTC_74208.dir/src.cxx.o
/home/dev/workspace/dev-tools/Android/Sdk/ndk/21.1.6352462/toolchains/llvm/prebuilt/linux-x86_64/bin/clang++  --target=aarch64-none-linux-android29 --gcc-toolchain=/home/dev/workspace/dev-tools/Android/Sdk/ndk/21.1.6352462/toolchains/llvm/prebuilt/linux-x86_64 --sysroot=/home/dev/workspace/dev-tools/Android/Sdk/ndk/21.1.6352462/toolchains/llvm/prebuilt/linux-x86_64/sysroot    -g -DANDROID -fdata-sections -ffunction-sections -funwind-tables -fstack-protector-strong -no-canonical-prefixes -D_FORTIFY_SOURCE=2 -Wformat -Werror=format-security     -fsigned-char -W -Wall -Werror=return-type -Werror=non-virtual-dtor -Werror=address -Werror=sequence-point -Wformat -Werror=format-security  -Wmissing-prototypes -Wstrict-prototypes  -Winit-self -Wpointer-arith  -Wsign-promo -Wno-narrowing -Wno-delete-non-virtual-dtor -Wno-unnamed-type-template-args -Wno-comment -fdiagnostics-show-option -Qunused-arguments -fomit-frame-pointer -fvisibility=hidden -fvisibility-inlines-hidden -Wno-shadow -Wno-unused -Wno-sign-compare -Wno-undef -Wno-missing-declarations -Wno-uninitialized -Wno-switch -Wno-parentheses -Wno-array-bounds -Wno-extra -Wno-deprecated-declarations  -O2 -DNDEBUG  -fPIE   -Wno-misleading-indentation -o CMakeFiles/cmTC_74208.dir/src.cxx.o -c /home/dev/workspace/repositories/opencv-3.2.0/opencv-3.2.0-android-29-arm64-v8a/release/CMakeFiles/CMakeTmp/src.cxx
warning: unknown warning option '-Wno-misleading-indentation'; did you mean '-Wno-binding-in-condition'? [-Wunknown-warning-option]
/home/dev/workspace/repositories/opencv-3.2.0/opencv-3.2.0-android-29-arm64-v8a/release/CMakeFiles/CMakeTmp/src.cxx:1:8: warning: unknown pragma ignored [-Wunknown-pragmas]
#pragma
       ^
2 warnings generated.
Linking CXX executable cmTC_74208
/usr/local/bin/cmake -E cmake_link_script CMakeFiles/cmTC_74208.dir/link.txt --verbose=1
/home/dev/workspace/dev-tools/Android/Sdk/ndk/21.1.6352462/toolchains/llvm/prebuilt/linux-x86_64/bin/clang++  --target=aarch64-none-linux-android29 --gcc-toolchain=/home/dev/workspace/dev-tools/Android/Sdk/ndk/21.1.6352462/toolchains/llvm/prebuilt/linux-x86_64 --sysroot=/home/dev/workspace/dev-tools/Android/Sdk/ndk/21.1.6352462/toolchains/llvm/prebuilt/linux-x86_64/sysroot  -g -DANDROID -fdata-sections -ffunction-sections -funwind-tables -fstack-protector-strong -no-canonical-prefixes -D_FORTIFY_SOURCE=2 -Wformat -Werror=format-security     -fsigned-char -W -Wall -Werror=return-type -Werror=non-virtual-dtor -Werror=address -Werror=sequence-point -Wformat -Werror=format-security  -Wmissing-prototypes -Wstrict-prototypes  -Winit-self -Wpointer-arith  -Wsign-promo -Wno-narrowing -Wno-delete-non-virtual-dtor -Wno-unnamed-type-template-args -Wno-comment -fdiagnostics-show-option -Qunused-arguments -fomit-frame-pointer -fvisibility=hidden -fvisibility-inlines-hidden -Wno-shadow -Wno-unused -Wno-sign-compare -Wno-undef -Wno-missing-declarations -Wno-uninitialized -Wno-switch -Wno-parentheses -Wno-array-bounds -Wno-extra -Wno-deprecated-declarations  -O2 -DNDEBUG   -Wl,--exclude-libs,libgcc.a -Wl,--exclude-libs,libgcc_real.a -Wl,--exclude-libs,libatomic.a -static-libstdc++ -Wl,--build-id -Wl,--fatal-warnings -Wl,--no-undefined -Qunused-arguments -Wl,--gc-sections   CMakeFiles/cmTC_74208.dir/src.cxx.o  -o cmTC_74208  -latomic -lm 
make[1]: Leaving directory '/home/dev/workspace/repositories/opencv-3.2.0/opencv-3.2.0-android-29-arm64-v8a/release/CMakeFiles/CMakeTmp'

===== END =====

