Determining if the include file io.h exists failed with the following output:
Change Dir: /home/dev/workspace/repositories/opencv-3.2.0/opencv-3.2.0-android-29-arm64-v8a/debug/CMakeFiles/CMakeTmp

Run Build Command:"/usr/bin/make" "cmTC_50d93/fast"
/usr/bin/make -f CMakeFiles/cmTC_50d93.dir/build.make CMakeFiles/cmTC_50d93.dir/build
make[1]: Entering directory '/home/dev/workspace/repositories/opencv-3.2.0/opencv-3.2.0-android-29-arm64-v8a/debug/CMakeFiles/CMakeTmp'
Building C object CMakeFiles/cmTC_50d93.dir/CheckIncludeFile.c.o
/home/dev/workspace/dev-tools/Android/Sdk/ndk/21.1.6352462/toolchains/llvm/prebuilt/linux-x86_64/bin/clang  --target=aarch64-none-linux-android29 --gcc-toolchain=/home/dev/workspace/dev-tools/Android/Sdk/ndk/21.1.6352462/toolchains/llvm/prebuilt/linux-x86_64 --sysroot=/home/dev/workspace/dev-tools/Android/Sdk/ndk/21.1.6352462/toolchains/llvm/prebuilt/linux-x86_64/sysroot   -g -DANDROID -fdata-sections -ffunction-sections -funwind-tables -fstack-protector-strong -no-canonical-prefixes -D_FORTIFY_SOURCE=2 -Wformat -Werror=format-security    -fsigned-char -W -Wall -Werror=return-type -Werror=non-virtual-dtor -Werror=address -Werror=sequence-point -Wformat -Werror=format-security -Wmissing-declarations -Wmissing-prototypes -Wstrict-prototypes -Wundef -Winit-self -Wpointer-arith -Wshadow -Wsign-promo -Wno-narrowing -Wno-delete-non-virtual-dtor -Wno-unnamed-type-template-args -Wno-comment -fdiagnostics-show-option -Qunused-arguments -fomit-frame-pointer -fvisibility=hidden -fvisibility-inlines-hidden  -O0 -fno-limit-debug-info  -fPIE   -o CMakeFiles/cmTC_50d93.dir/CheckIncludeFile.c.o   -c /home/dev/workspace/repositories/opencv-3.2.0/opencv-3.2.0-android-29-arm64-v8a/debug/CMakeFiles/CMakeTmp/CheckIncludeFile.c
/home/dev/workspace/repositories/opencv-3.2.0/opencv-3.2.0-android-29-arm64-v8a/debug/CMakeFiles/CMakeTmp/CheckIncludeFile.c:1:10: fatal error: 'io.h' file not found
#include <io.h>
         ^~~~~~
1 error generated.
CMakeFiles/cmTC_50d93.dir/build.make:65: recipe for target 'CMakeFiles/cmTC_50d93.dir/CheckIncludeFile.c.o' failed
make[1]: *** [CMakeFiles/cmTC_50d93.dir/CheckIncludeFile.c.o] Error 1
make[1]: Leaving directory '/home/dev/workspace/repositories/opencv-3.2.0/opencv-3.2.0-android-29-arm64-v8a/debug/CMakeFiles/CMakeTmp'
Makefile:126: recipe for target 'cmTC_50d93/fast' failed
make: *** [cmTC_50d93/fast] Error 2


Determining if the function jbg_newlen exists failed with the following output:
Change Dir: /home/dev/workspace/repositories/opencv-3.2.0/opencv-3.2.0-android-29-arm64-v8a/debug/CMakeFiles/CMakeTmp

Run Build Command:"/usr/bin/make" "cmTC_e2191/fast"
/usr/bin/make -f CMakeFiles/cmTC_e2191.dir/build.make CMakeFiles/cmTC_e2191.dir/build
make[1]: Entering directory '/home/dev/workspace/repositories/opencv-3.2.0/opencv-3.2.0-android-29-arm64-v8a/debug/CMakeFiles/CMakeTmp'
Building C object CMakeFiles/cmTC_e2191.dir/CheckFunctionExists.c.o
/home/dev/workspace/dev-tools/Android/Sdk/ndk/21.1.6352462/toolchains/llvm/prebuilt/linux-x86_64/bin/clang  --target=aarch64-none-linux-android29 --gcc-toolchain=/home/dev/workspace/dev-tools/Android/Sdk/ndk/21.1.6352462/toolchains/llvm/prebuilt/linux-x86_64 --sysroot=/home/dev/workspace/dev-tools/Android/Sdk/ndk/21.1.6352462/toolchains/llvm/prebuilt/linux-x86_64/sysroot   -g -DANDROID -fdata-sections -ffunction-sections -funwind-tables -fstack-protector-strong -no-canonical-prefixes -D_FORTIFY_SOURCE=2 -Wformat -Werror=format-security    -fsigned-char -W -Wall -Werror=return-type -Werror=non-virtual-dtor -Werror=address -Werror=sequence-point -Wformat -Werror=format-security -Wmissing-declarations -Wmissing-prototypes -Wstrict-prototypes -Wundef -Winit-self -Wpointer-arith -Wshadow -Wsign-promo -Wno-narrowing -Wno-delete-non-virtual-dtor -Wno-unnamed-type-template-args -Wno-comment -fdiagnostics-show-option -Qunused-arguments -fomit-frame-pointer -fvisibility=hidden -fvisibility-inlines-hidden -DCHECK_FUNCTION_EXISTS=jbg_newlen -O0 -fno-limit-debug-info  -fPIE   -o CMakeFiles/cmTC_e2191.dir/CheckFunctionExists.c.o   -c /usr/local/share/cmake-3.6/Modules/CheckFunctionExists.c
/usr/local/share/cmake-3.6/Modules/CheckFunctionExists.c:7:24: warning: this function declaration is not a prototype [-Wstrict-prototypes]
  CHECK_FUNCTION_EXISTS();
                       ^
                        void
1 warning generated.
Linking C executable cmTC_e2191
/usr/local/bin/cmake -E cmake_link_script CMakeFiles/cmTC_e2191.dir/link.txt --verbose=1
/home/dev/workspace/dev-tools/Android/Sdk/ndk/21.1.6352462/toolchains/llvm/prebuilt/linux-x86_64/bin/clang  --target=aarch64-none-linux-android29 --gcc-toolchain=/home/dev/workspace/dev-tools/Android/Sdk/ndk/21.1.6352462/toolchains/llvm/prebuilt/linux-x86_64 --sysroot=/home/dev/workspace/dev-tools/Android/Sdk/ndk/21.1.6352462/toolchains/llvm/prebuilt/linux-x86_64/sysroot -g -DANDROID -fdata-sections -ffunction-sections -funwind-tables -fstack-protector-strong -no-canonical-prefixes -D_FORTIFY_SOURCE=2 -Wformat -Werror=format-security    -fsigned-char -W -Wall -Werror=return-type -Werror=non-virtual-dtor -Werror=address -Werror=sequence-point -Wformat -Werror=format-security -Wmissing-declarations -Wmissing-prototypes -Wstrict-prototypes -Wundef -Winit-self -Wpointer-arith -Wshadow -Wsign-promo -Wno-narrowing -Wno-delete-non-virtual-dtor -Wno-unnamed-type-template-args -Wno-comment -fdiagnostics-show-option -Qunused-arguments -fomit-frame-pointer -fvisibility=hidden -fvisibility-inlines-hidden -DCHECK_FUNCTION_EXISTS=jbg_newlen -O0 -fno-limit-debug-info   -Wl,--exclude-libs,libgcc.a -Wl,--exclude-libs,libgcc_real.a -Wl,--exclude-libs,libatomic.a -static-libstdc++ -Wl,--build-id -Wl,--fatal-warnings -Wl,--no-undefined -Qunused-arguments -Wl,--gc-sections   CMakeFiles/cmTC_e2191.dir/CheckFunctionExists.c.o  -o cmTC_e2191  -latomic -lm 
CMakeFiles/cmTC_e2191.dir/CheckFunctionExists.c.o: In function `main':
/usr/local/share/cmake-3.6/Modules/CheckFunctionExists.c:(.text.main+0x8): undefined reference to `jbg_newlen'
/usr/local/share/cmake-3.6/Modules/CheckFunctionExists.c:(.text.main+0xc): undefined reference to `jbg_newlen'
clang: error: linker command failed with exit code 1 (use -v to see invocation)
CMakeFiles/cmTC_e2191.dir/build.make:97: recipe for target 'cmTC_e2191' failed
make[1]: *** [cmTC_e2191] Error 1
make[1]: Leaving directory '/home/dev/workspace/repositories/opencv-3.2.0/opencv-3.2.0-android-29-arm64-v8a/debug/CMakeFiles/CMakeTmp'
Makefile:126: recipe for target 'cmTC_e2191/fast' failed
make: *** [cmTC_e2191/fast] Error 2


Build output check failed:
    Regex: 'unknown .*option'
    Output line: 'warning: unknown warning option '-Wno-unused-but-set-variable', did you mean '-Wno-unused-const-variable'? [-Wunknown-warning-option]'
Compilation failed:
    source file: '/home/dev/workspace/repositories/opencv-3.2.0/opencv-3.2.0-android-29-arm64-v8a/debug/CMakeFiles/CMakeTmp/src.c'
    check option: ' -Wno-unused-but-set-variable'
===== BUILD LOG =====
Change Dir: /home/dev/workspace/repositories/opencv-3.2.0/opencv-3.2.0-android-29-arm64-v8a/debug/CMakeFiles/CMakeTmp

Run Build Command:"/usr/bin/make" "cmTC_51062/fast"
/usr/bin/make -f CMakeFiles/cmTC_51062.dir/build.make CMakeFiles/cmTC_51062.dir/build
make[1]: Entering directory '/home/dev/workspace/repositories/opencv-3.2.0/opencv-3.2.0-android-29-arm64-v8a/debug/CMakeFiles/CMakeTmp'
Building C object CMakeFiles/cmTC_51062.dir/src.c.o
/home/dev/workspace/dev-tools/Android/Sdk/ndk/21.1.6352462/toolchains/llvm/prebuilt/linux-x86_64/bin/clang  --target=aarch64-none-linux-android29 --gcc-toolchain=/home/dev/workspace/dev-tools/Android/Sdk/ndk/21.1.6352462/toolchains/llvm/prebuilt/linux-x86_64 --sysroot=/home/dev/workspace/dev-tools/Android/Sdk/ndk/21.1.6352462/toolchains/llvm/prebuilt/linux-x86_64/sysroot   -g -DANDROID -fdata-sections -ffunction-sections -funwind-tables -fstack-protector-strong -no-canonical-prefixes -D_FORTIFY_SOURCE=2 -Wformat -Werror=format-security    -fsigned-char -W -Wall -Werror=return-type -Werror=non-virtual-dtor -Werror=address -Werror=sequence-point -Wformat -Werror=format-security -Wmissing-declarations -Wmissing-prototypes -Wstrict-prototypes -Wundef -Winit-self -Wpointer-arith -Wshadow -Wsign-promo -Wno-narrowing -Wno-delete-non-virtual-dtor -Wno-unnamed-type-template-args -Wno-comment -fdiagnostics-show-option -Qunused-arguments -fomit-frame-pointer -fvisibility=hidden -fvisibility-inlines-hidden  -O0 -fno-limit-debug-info  -fPIE   -Wno-unused-but-set-variable -o CMakeFiles/cmTC_51062.dir/src.c.o   -c /home/dev/workspace/repositories/opencv-3.2.0/opencv-3.2.0-android-29-arm64-v8a/debug/CMakeFiles/CMakeTmp/src.c
warning: unknown warning option '-Wno-unused-but-set-variable'; did you mean '-Wno-unused-const-variable'? [-Wunknown-warning-option]
/home/dev/workspace/repositories/opencv-3.2.0/opencv-3.2.0-android-29-arm64-v8a/debug/CMakeFiles/CMakeTmp/src.c:1:8: warning: unknown pragma ignored [-Wunknown-pragmas]
#pragma
       ^
2 warnings generated.
Linking C executable cmTC_51062
/usr/local/bin/cmake -E cmake_link_script CMakeFiles/cmTC_51062.dir/link.txt --verbose=1
/home/dev/workspace/dev-tools/Android/Sdk/ndk/21.1.6352462/toolchains/llvm/prebuilt/linux-x86_64/bin/clang  --target=aarch64-none-linux-android29 --gcc-toolchain=/home/dev/workspace/dev-tools/Android/Sdk/ndk/21.1.6352462/toolchains/llvm/prebuilt/linux-x86_64 --sysroot=/home/dev/workspace/dev-tools/Android/Sdk/ndk/21.1.6352462/toolchains/llvm/prebuilt/linux-x86_64/sysroot -g -DANDROID -fdata-sections -ffunction-sections -funwind-tables -fstack-protector-strong -no-canonical-prefixes -D_FORTIFY_SOURCE=2 -Wformat -Werror=format-security    -fsigned-char -W -Wall -Werror=return-type -Werror=non-virtual-dtor -Werror=address -Werror=sequence-point -Wformat -Werror=format-security -Wmissing-declarations -Wmissing-prototypes -Wstrict-prototypes -Wundef -Winit-self -Wpointer-arith -Wshadow -Wsign-promo -Wno-narrowing -Wno-delete-non-virtual-dtor -Wno-unnamed-type-template-args -Wno-comment -fdiagnostics-show-option -Qunused-arguments -fomit-frame-pointer -fvisibility=hidden -fvisibility-inlines-hidden  -O0 -fno-limit-debug-info   -Wl,--exclude-libs,libgcc.a -Wl,--exclude-libs,libgcc_real.a -Wl,--exclude-libs,libatomic.a -static-libstdc++ -Wl,--build-id -Wl,--fatal-warnings -Wl,--no-undefined -Qunused-arguments -Wl,--gc-sections   CMakeFiles/cmTC_51062.dir/src.c.o  -o cmTC_51062  -latomic -lm 
make[1]: Leaving directory '/home/dev/workspace/repositories/opencv-3.2.0/opencv-3.2.0-android-29-arm64-v8a/debug/CMakeFiles/CMakeTmp'

===== END =====

Build output check failed:
    Regex: 'unknown .*option'
    Output line: 'warning: unknown warning option '-Wno-maybe-uninitialized', did you mean '-Wno-uninitialized'? [-Wunknown-warning-option]'
Compilation failed:
    source file: '/home/dev/workspace/repositories/opencv-3.2.0/opencv-3.2.0-android-29-arm64-v8a/debug/CMakeFiles/CMakeTmp/src.c'
    check option: ' -Wno-maybe-uninitialized'
===== BUILD LOG =====
Change Dir: /home/dev/workspace/repositories/opencv-3.2.0/opencv-3.2.0-android-29-arm64-v8a/debug/CMakeFiles/CMakeTmp

Run Build Command:"/usr/bin/make" "cmTC_e2ef8/fast"
/usr/bin/make -f CMakeFiles/cmTC_e2ef8.dir/build.make CMakeFiles/cmTC_e2ef8.dir/build
make[1]: Entering directory '/home/dev/workspace/repositories/opencv-3.2.0/opencv-3.2.0-android-29-arm64-v8a/debug/CMakeFiles/CMakeTmp'
Building C object CMakeFiles/cmTC_e2ef8.dir/src.c.o
/home/dev/workspace/dev-tools/Android/Sdk/ndk/21.1.6352462/toolchains/llvm/prebuilt/linux-x86_64/bin/clang  --target=aarch64-none-linux-android29 --gcc-toolchain=/home/dev/workspace/dev-tools/Android/Sdk/ndk/21.1.6352462/toolchains/llvm/prebuilt/linux-x86_64 --sysroot=/home/dev/workspace/dev-tools/Android/Sdk/ndk/21.1.6352462/toolchains/llvm/prebuilt/linux-x86_64/sysroot   -g -DANDROID -fdata-sections -ffunction-sections -funwind-tables -fstack-protector-strong -no-canonical-prefixes -D_FORTIFY_SOURCE=2 -Wformat -Werror=format-security    -fsigned-char -W -Wall -Werror=return-type -Werror=non-virtual-dtor -Werror=address -Werror=sequence-point -Wformat -Werror=format-security   -Wstrict-prototypes  -Winit-self -Wpointer-arith  -Wsign-promo -Wno-narrowing -Wno-delete-non-virtual-dtor -Wno-unnamed-type-template-args -Wno-comment -fdiagnostics-show-option -Qunused-arguments -fomit-frame-pointer -fvisibility=hidden -fvisibility-inlines-hidden -Wno-missing-prototypes -Wno-missing-declarations -Wno-undef -Wno-unused -Wno-sign-compare -Wno-cast-align -Wno-shadow  -O0 -fno-limit-debug-info  -fPIE   -Wno-maybe-uninitialized -o CMakeFiles/cmTC_e2ef8.dir/src.c.o   -c /home/dev/workspace/repositories/opencv-3.2.0/opencv-3.2.0-android-29-arm64-v8a/debug/CMakeFiles/CMakeTmp/src.c
warning: unknown warning option '-Wno-maybe-uninitialized'; did you mean '-Wno-uninitialized'? [-Wunknown-warning-option]
/home/dev/workspace/repositories/opencv-3.2.0/opencv-3.2.0-android-29-arm64-v8a/debug/CMakeFiles/CMakeTmp/src.c:1:8: warning: unknown pragma ignored [-Wunknown-pragmas]
#pragma
       ^
2 warnings generated.
Linking C executable cmTC_e2ef8
/usr/local/bin/cmake -E cmake_link_script CMakeFiles/cmTC_e2ef8.dir/link.txt --verbose=1
/home/dev/workspace/dev-tools/Android/Sdk/ndk/21.1.6352462/toolchains/llvm/prebuilt/linux-x86_64/bin/clang  --target=aarch64-none-linux-android29 --gcc-toolchain=/home/dev/workspace/dev-tools/Android/Sdk/ndk/21.1.6352462/toolchains/llvm/prebuilt/linux-x86_64 --sysroot=/home/dev/workspace/dev-tools/Android/Sdk/ndk/21.1.6352462/toolchains/llvm/prebuilt/linux-x86_64/sysroot -g -DANDROID -fdata-sections -ffunction-sections -funwind-tables -fstack-protector-strong -no-canonical-prefixes -D_FORTIFY_SOURCE=2 -Wformat -Werror=format-security    -fsigned-char -W -Wall -Werror=return-type -Werror=non-virtual-dtor -Werror=address -Werror=sequence-point -Wformat -Werror=format-security   -Wstrict-prototypes  -Winit-self -Wpointer-arith  -Wsign-promo -Wno-narrowing -Wno-delete-non-virtual-dtor -Wno-unnamed-type-template-args -Wno-comment -fdiagnostics-show-option -Qunused-arguments -fomit-frame-pointer -fvisibility=hidden -fvisibility-inlines-hidden -Wno-missing-prototypes -Wno-missing-declarations -Wno-undef -Wno-unused -Wno-sign-compare -Wno-cast-align -Wno-shadow  -O0 -fno-limit-debug-info   -Wl,--exclude-libs,libgcc.a -Wl,--exclude-libs,libgcc_real.a -Wl,--exclude-libs,libatomic.a -static-libstdc++ -Wl,--build-id -Wl,--fatal-warnings -Wl,--no-undefined -Qunused-arguments -Wl,--gc-sections   CMakeFiles/cmTC_e2ef8.dir/src.c.o  -o cmTC_e2ef8  -latomic -lm 
make[1]: Leaving directory '/home/dev/workspace/repositories/opencv-3.2.0/opencv-3.2.0-android-29-arm64-v8a/debug/CMakeFiles/CMakeTmp'

===== END =====

Build output check failed:
    Regex: 'unknown .*option'
    Output line: 'warning: unknown warning option '-Wno-misleading-indentation', did you mean '-Wno-binding-in-condition'? [-Wunknown-warning-option]'
Compilation failed:
    source file: '/home/dev/workspace/repositories/opencv-3.2.0/opencv-3.2.0-android-29-arm64-v8a/debug/CMakeFiles/CMakeTmp/src.c'
    check option: ' -Wno-misleading-indentation'
===== BUILD LOG =====
Change Dir: /home/dev/workspace/repositories/opencv-3.2.0/opencv-3.2.0-android-29-arm64-v8a/debug/CMakeFiles/CMakeTmp

Run Build Command:"/usr/bin/make" "cmTC_6f5c7/fast"
/usr/bin/make -f CMakeFiles/cmTC_6f5c7.dir/build.make CMakeFiles/cmTC_6f5c7.dir/build
make[1]: Entering directory '/home/dev/workspace/repositories/opencv-3.2.0/opencv-3.2.0-android-29-arm64-v8a/debug/CMakeFiles/CMakeTmp'
Building C object CMakeFiles/cmTC_6f5c7.dir/src.c.o
/home/dev/workspace/dev-tools/Android/Sdk/ndk/21.1.6352462/toolchains/llvm/prebuilt/linux-x86_64/bin/clang  --target=aarch64-none-linux-android29 --gcc-toolchain=/home/dev/workspace/dev-tools/Android/Sdk/ndk/21.1.6352462/toolchains/llvm/prebuilt/linux-x86_64 --sysroot=/home/dev/workspace/dev-tools/Android/Sdk/ndk/21.1.6352462/toolchains/llvm/prebuilt/linux-x86_64/sysroot   -g -DANDROID -fdata-sections -ffunction-sections -funwind-tables -fstack-protector-strong -no-canonical-prefixes -D_FORTIFY_SOURCE=2 -Wformat -Werror=format-security    -fsigned-char -W -Wall -Werror=return-type -Werror=non-virtual-dtor -Werror=address -Werror=sequence-point -Wformat -Werror=format-security   -Wstrict-prototypes  -Winit-self -Wpointer-arith  -Wsign-promo -Wno-narrowing -Wno-delete-non-virtual-dtor -Wno-unnamed-type-template-args -Wno-comment -fdiagnostics-show-option -Qunused-arguments -fomit-frame-pointer -fvisibility=hidden -fvisibility-inlines-hidden -Wno-missing-prototypes -Wno-missing-declarations -Wno-undef -Wno-unused -Wno-sign-compare -Wno-cast-align -Wno-shadow -Wno-pointer-to-int-cast -Wno-int-to-pointer-cast  -O0 -fno-limit-debug-info  -fPIE   -Wno-misleading-indentation -o CMakeFiles/cmTC_6f5c7.dir/src.c.o   -c /home/dev/workspace/repositories/opencv-3.2.0/opencv-3.2.0-android-29-arm64-v8a/debug/CMakeFiles/CMakeTmp/src.c
warning: unknown warning option '-Wno-misleading-indentation'; did you mean '-Wno-binding-in-condition'? [-Wunknown-warning-option]
/home/dev/workspace/repositories/opencv-3.2.0/opencv-3.2.0-android-29-arm64-v8a/debug/CMakeFiles/CMakeTmp/src.c:1:8: warning: unknown pragma ignored [-Wunknown-pragmas]
#pragma
       ^
2 warnings generated.
Linking C executable cmTC_6f5c7
/usr/local/bin/cmake -E cmake_link_script CMakeFiles/cmTC_6f5c7.dir/link.txt --verbose=1
/home/dev/workspace/dev-tools/Android/Sdk/ndk/21.1.6352462/toolchains/llvm/prebuilt/linux-x86_64/bin/clang  --target=aarch64-none-linux-android29 --gcc-toolchain=/home/dev/workspace/dev-tools/Android/Sdk/ndk/21.1.6352462/toolchains/llvm/prebuilt/linux-x86_64 --sysroot=/home/dev/workspace/dev-tools/Android/Sdk/ndk/21.1.6352462/toolchains/llvm/prebuilt/linux-x86_64/sysroot -g -DANDROID -fdata-sections -ffunction-sections -funwind-tables -fstack-protector-strong -no-canonical-prefixes -D_FORTIFY_SOURCE=2 -Wformat -Werror=format-security    -fsigned-char -W -Wall -Werror=return-type -Werror=non-virtual-dtor -Werror=address -Werror=sequence-point -Wformat -Werror=format-security   -Wstrict-prototypes  -Winit-self -Wpointer-arith  -Wsign-promo -Wno-narrowing -Wno-delete-non-virtual-dtor -Wno-unnamed-type-template-args -Wno-comment -fdiagnostics-show-option -Qunused-arguments -fomit-frame-pointer -fvisibility=hidden -fvisibility-inlines-hidden -Wno-missing-prototypes -Wno-missing-declarations -Wno-undef -Wno-unused -Wno-sign-compare -Wno-cast-align -Wno-shadow -Wno-pointer-to-int-cast -Wno-int-to-pointer-cast  -O0 -fno-limit-debug-info   -Wl,--exclude-libs,libgcc.a -Wl,--exclude-libs,libgcc_real.a -Wl,--exclude-libs,libatomic.a -static-libstdc++ -Wl,--build-id -Wl,--fatal-warnings -Wl,--no-undefined -Qunused-arguments -Wl,--gc-sections   CMakeFiles/cmTC_6f5c7.dir/src.c.o  -o cmTC_6f5c7  -latomic -lm 
make[1]: Leaving directory '/home/dev/workspace/repositories/opencv-3.2.0/opencv-3.2.0-android-29-arm64-v8a/debug/CMakeFiles/CMakeTmp'

===== END =====

Build output check failed:
    Regex: 'unknown .*option'
    Output line: 'warning: unknown warning option '-Wno-unused-but-set-parameter', did you mean '-Wno-unused-parameter'? [-Wunknown-warning-option]'
Compilation failed:
    source file: '/home/dev/workspace/repositories/opencv-3.2.0/opencv-3.2.0-android-29-arm64-v8a/debug/CMakeFiles/CMakeTmp/src.c'
    check option: ' -Wno-unused-but-set-parameter'
===== BUILD LOG =====
Change Dir: /home/dev/workspace/repositories/opencv-3.2.0/opencv-3.2.0-android-29-arm64-v8a/debug/CMakeFiles/CMakeTmp

Run Build Command:"/usr/bin/make" "cmTC_83056/fast"
/usr/bin/make -f CMakeFiles/cmTC_83056.dir/build.make CMakeFiles/cmTC_83056.dir/build
make[1]: Entering directory '/home/dev/workspace/repositories/opencv-3.2.0/opencv-3.2.0-android-29-arm64-v8a/debug/CMakeFiles/CMakeTmp'
Building C object CMakeFiles/cmTC_83056.dir/src.c.o
/home/dev/workspace/dev-tools/Android/Sdk/ndk/21.1.6352462/toolchains/llvm/prebuilt/linux-x86_64/bin/clang  --target=aarch64-none-linux-android29 --gcc-toolchain=/home/dev/workspace/dev-tools/Android/Sdk/ndk/21.1.6352462/toolchains/llvm/prebuilt/linux-x86_64 --sysroot=/home/dev/workspace/dev-tools/Android/Sdk/ndk/21.1.6352462/toolchains/llvm/prebuilt/linux-x86_64/sysroot   -g -DANDROID -fdata-sections -ffunction-sections -funwind-tables -fstack-protector-strong -no-canonical-prefixes -D_FORTIFY_SOURCE=2 -Wformat -Werror=format-security    -fsigned-char -W -Wall -Werror=return-type -Werror=non-virtual-dtor -Werror=address -Werror=sequence-point -Wformat -Werror=format-security -Wmissing-declarations  -Wstrict-prototypes -Wundef -Winit-self -Wpointer-arith -Wshadow -Wsign-promo -Wno-narrowing -Wno-delete-non-virtual-dtor -Wno-unnamed-type-template-args -Wno-comment -fdiagnostics-show-option -Qunused-arguments -fomit-frame-pointer -fvisibility=hidden -fvisibility-inlines-hidden -Wno-implicit-function-declaration -Wno-uninitialized -Wno-missing-prototypes  -O0 -fno-limit-debug-info  -fPIE   -Wno-unused-but-set-parameter -o CMakeFiles/cmTC_83056.dir/src.c.o   -c /home/dev/workspace/repositories/opencv-3.2.0/opencv-3.2.0-android-29-arm64-v8a/debug/CMakeFiles/CMakeTmp/src.c
warning: unknown warning option '-Wno-unused-but-set-parameter'; did you mean '-Wno-unused-parameter'? [-Wunknown-warning-option]
/home/dev/workspace/repositories/opencv-3.2.0/opencv-3.2.0-android-29-arm64-v8a/debug/CMakeFiles/CMakeTmp/src.c:1:8: warning: unknown pragma ignored [-Wunknown-pragmas]
#pragma
       ^
2 warnings generated.
Linking C executable cmTC_83056
/usr/local/bin/cmake -E cmake_link_script CMakeFiles/cmTC_83056.dir/link.txt --verbose=1
/home/dev/workspace/dev-tools/Android/Sdk/ndk/21.1.6352462/toolchains/llvm/prebuilt/linux-x86_64/bin/clang  --target=aarch64-none-linux-android29 --gcc-toolchain=/home/dev/workspace/dev-tools/Android/Sdk/ndk/21.1.6352462/toolchains/llvm/prebuilt/linux-x86_64 --sysroot=/home/dev/workspace/dev-tools/Android/Sdk/ndk/21.1.6352462/toolchains/llvm/prebuilt/linux-x86_64/sysroot -g -DANDROID -fdata-sections -ffunction-sections -funwind-tables -fstack-protector-strong -no-canonical-prefixes -D_FORTIFY_SOURCE=2 -Wformat -Werror=format-security    -fsigned-char -W -Wall -Werror=return-type -Werror=non-virtual-dtor -Werror=address -Werror=sequence-point -Wformat -Werror=format-security -Wmissing-declarations  -Wstrict-prototypes -Wundef -Winit-self -Wpointer-arith -Wshadow -Wsign-promo -Wno-narrowing -Wno-delete-non-virtual-dtor -Wno-unnamed-type-template-args -Wno-comment -fdiagnostics-show-option -Qunused-arguments -fomit-frame-pointer -fvisibility=hidden -fvisibility-inlines-hidden -Wno-implicit-function-declaration -Wno-uninitialized -Wno-missing-prototypes  -O0 -fno-limit-debug-info   -Wl,--exclude-libs,libgcc.a -Wl,--exclude-libs,libgcc_real.a -Wl,--exclude-libs,libatomic.a -static-libstdc++ -Wl,--build-id -Wl,--fatal-warnings -Wl,--no-undefined -Qunused-arguments -Wl,--gc-sections   CMakeFiles/cmTC_83056.dir/src.c.o  -o cmTC_83056  -latomic -lm 
make[1]: Leaving directory '/home/dev/workspace/repositories/opencv-3.2.0/opencv-3.2.0-android-29-arm64-v8a/debug/CMakeFiles/CMakeTmp'

===== END =====

Build output check failed:
    Regex: 'unknown .*option'
    Output line: 'warning: unknown warning option '-Wno-misleading-indentation', did you mean '-Wno-binding-in-condition'? [-Wunknown-warning-option]'
Compilation failed:
    source file: '/home/dev/workspace/repositories/opencv-3.2.0/opencv-3.2.0-android-29-arm64-v8a/debug/CMakeFiles/CMakeTmp/src.cxx'
    check option: ' -Wno-misleading-indentation'
===== BUILD LOG =====
Change Dir: /home/dev/workspace/repositories/opencv-3.2.0/opencv-3.2.0-android-29-arm64-v8a/debug/CMakeFiles/CMakeTmp

Run Build Command:"/usr/bin/make" "cmTC_59cca/fast"
/usr/bin/make -f CMakeFiles/cmTC_59cca.dir/build.make CMakeFiles/cmTC_59cca.dir/build
make[1]: Entering directory '/home/dev/workspace/repositories/opencv-3.2.0/opencv-3.2.0-android-29-arm64-v8a/debug/CMakeFiles/CMakeTmp'
Building CXX object CMakeFiles/cmTC_59cca.dir/src.cxx.o
/home/dev/workspace/dev-tools/Android/Sdk/ndk/21.1.6352462/toolchains/llvm/prebuilt/linux-x86_64/bin/clang++  --target=aarch64-none-linux-android29 --gcc-toolchain=/home/dev/workspace/dev-tools/Android/Sdk/ndk/21.1.6352462/toolchains/llvm/prebuilt/linux-x86_64 --sysroot=/home/dev/workspace/dev-tools/Android/Sdk/ndk/21.1.6352462/toolchains/llvm/prebuilt/linux-x86_64/sysroot    -g -DANDROID -fdata-sections -ffunction-sections -funwind-tables -fstack-protector-strong -no-canonical-prefixes -D_FORTIFY_SOURCE=2 -Wformat -Werror=format-security     -fsigned-char -W -Wall -Werror=return-type -Werror=non-virtual-dtor -Werror=address -Werror=sequence-point -Wformat -Werror=format-security  -Wmissing-prototypes -Wstrict-prototypes  -Winit-self -Wpointer-arith  -Wsign-promo -Wno-narrowing -Wno-delete-non-virtual-dtor -Wno-unnamed-type-template-args -Wno-comment -fdiagnostics-show-option -Qunused-arguments -fomit-frame-pointer -fvisibility=hidden -fvisibility-inlines-hidden -Wno-shadow -Wno-unused -Wno-sign-compare -Wno-undef -Wno-missing-declarations -Wno-uninitialized -Wno-switch -Wno-parentheses -Wno-array-bounds -Wno-extra -Wno-deprecated-declarations  -O0 -fno-limit-debug-info  -fPIE   -Wno-misleading-indentation -o CMakeFiles/cmTC_59cca.dir/src.cxx.o -c /home/dev/workspace/repositories/opencv-3.2.0/opencv-3.2.0-android-29-arm64-v8a/debug/CMakeFiles/CMakeTmp/src.cxx
warning: unknown warning option '-Wno-misleading-indentation'; did you mean '-Wno-binding-in-condition'? [-Wunknown-warning-option]
/home/dev/workspace/repositories/opencv-3.2.0/opencv-3.2.0-android-29-arm64-v8a/debug/CMakeFiles/CMakeTmp/src.cxx:1:8: warning: unknown pragma ignored [-Wunknown-pragmas]
#pragma
       ^
2 warnings generated.
Linking CXX executable cmTC_59cca
/usr/local/bin/cmake -E cmake_link_script CMakeFiles/cmTC_59cca.dir/link.txt --verbose=1
/home/dev/workspace/dev-tools/Android/Sdk/ndk/21.1.6352462/toolchains/llvm/prebuilt/linux-x86_64/bin/clang++  --target=aarch64-none-linux-android29 --gcc-toolchain=/home/dev/workspace/dev-tools/Android/Sdk/ndk/21.1.6352462/toolchains/llvm/prebuilt/linux-x86_64 --sysroot=/home/dev/workspace/dev-tools/Android/Sdk/ndk/21.1.6352462/toolchains/llvm/prebuilt/linux-x86_64/sysroot  -g -DANDROID -fdata-sections -ffunction-sections -funwind-tables -fstack-protector-strong -no-canonical-prefixes -D_FORTIFY_SOURCE=2 -Wformat -Werror=format-security     -fsigned-char -W -Wall -Werror=return-type -Werror=non-virtual-dtor -Werror=address -Werror=sequence-point -Wformat -Werror=format-security  -Wmissing-prototypes -Wstrict-prototypes  -Winit-self -Wpointer-arith  -Wsign-promo -Wno-narrowing -Wno-delete-non-virtual-dtor -Wno-unnamed-type-template-args -Wno-comment -fdiagnostics-show-option -Qunused-arguments -fomit-frame-pointer -fvisibility=hidden -fvisibility-inlines-hidden -Wno-shadow -Wno-unused -Wno-sign-compare -Wno-undef -Wno-missing-declarations -Wno-uninitialized -Wno-switch -Wno-parentheses -Wno-array-bounds -Wno-extra -Wno-deprecated-declarations  -O0 -fno-limit-debug-info   -Wl,--exclude-libs,libgcc.a -Wl,--exclude-libs,libgcc_real.a -Wl,--exclude-libs,libatomic.a -static-libstdc++ -Wl,--build-id -Wl,--fatal-warnings -Wl,--no-undefined -Qunused-arguments -Wl,--gc-sections   CMakeFiles/cmTC_59cca.dir/src.cxx.o  -o cmTC_59cca  -latomic -lm 
make[1]: Leaving directory '/home/dev/workspace/repositories/opencv-3.2.0/opencv-3.2.0-android-29-arm64-v8a/debug/CMakeFiles/CMakeTmp'

===== END =====

